<?xml version="1.0" encoding="UTF-8"?>
<coverage generated="1637671740470" clover="3.2.0">
  <project timestamp="1637671740471" name="All files">
    <metrics statements="30" coveredstatements="27" conditionals="20" coveredconditionals="16" methods="4" coveredmethods="3" elements="54" coveredelements="46" complexity="0" loc="30" ncloc="30" packages="2" files="3" classes="3"/>
    <package name="__fixtures__">
      <metrics statements="1" coveredstatements="1" conditionals="0" coveredconditionals="0" methods="0" coveredmethods="0"/>
      <file name="trullyAsnwer.js" path="/home/alisher/projects/frontend-project-lvl2/__fixtures__/trullyAsnwer.js">
        <metrics statements="1" coveredstatements="1" conditionals="0" coveredconditionals="0" methods="0" coveredmethods="0"/>
        <line num="1" count="2" type="stmt"/>
      </file>
    </package>
    <package name="src">
      <metrics statements="29" coveredstatements="26" conditionals="20" coveredconditionals="16" methods="4" coveredmethods="3"/>
      <file name="parsers.js" path="/home/alisher/projects/frontend-project-lvl2/src/parsers.js">
        <metrics statements="11" coveredstatements="10" conditionals="8" coveredconditionals="6" methods="1" coveredmethods="1"/>
        <line num="4" count="2" type="stmt"/>
        <line num="6" count="5" type="stmt"/>
        <line num="8" count="5" type="cond" truecount="1" falsecount="1"/>
        <line num="9" count="0" type="stmt"/>
        <line num="10" count="5" type="cond" truecount="2" falsecount="0"/>
        <line num="11" count="1" type="stmt"/>
        <line num="12" count="4" type="cond" truecount="2" falsecount="0"/>
        <line num="13" count="1" type="stmt"/>
        <line num="14" count="3" type="cond" truecount="1" falsecount="1"/>
        <line num="15" count="3" type="stmt"/>
        <line num="17" count="5" type="stmt"/>
      </file>
      <file name="utils.js" path="/home/alisher/projects/frontend-project-lvl2/src/utils.js">
        <metrics statements="18" coveredstatements="16" conditionals="12" coveredconditionals="10" methods="3" coveredmethods="2"/>
        <line num="4" count="2" type="stmt"/>
        <line num="5" count="0" type="cond" truecount="0" falsecount="2"/>
        <line num="6" count="0" type="stmt"/>
        <line num="9" count="2" type="stmt"/>
        <line num="10" count="15" type="stmt"/>
        <line num="11" count="15" type="stmt"/>
        <line num="12" count="15" type="stmt"/>
        <line num="13" count="54" type="stmt"/>
        <line num="14" count="54" type="stmt"/>
        <line num="15" count="54" type="cond" truecount="2" falsecount="0"/>
        <line num="16" count="15" type="stmt"/>
        <line num="18" count="39" type="cond" truecount="2" falsecount="0"/>
        <line num="19" count="6" type="stmt"/>
        <line num="21" count="33" type="cond" truecount="4" falsecount="0"/>
        <line num="22" count="12" type="stmt"/>
        <line num="24" count="21" type="cond" truecount="2" falsecount="0"/>
        <line num="25" count="12" type="stmt"/>
        <line num="29" count="9" type="stmt"/>
      </file>
    </package>
  </project>
</coverage>
