{"/home/alisher/projects/frontend-project-lvl2/src/getDiff.js": {"path":"/home/alisher/projects/frontend-project-lvl2/src/getDiff.js","statementMap":{"0":{"start":{"line":3,"column":16},"end":{"line":25,"column":1}},"1":{"start":{"line":4,"column":18},"end":{"line":4,"column":71}},"2":{"start":{"line":5,"column":21},"end":{"line":5,"column":38}},"3":{"start":{"line":6,"column":2},"end":{"line":24,"column":5}},"4":{"start":{"line":7,"column":19},"end":{"line":7,"column":28}},"5":{"start":{"line":8,"column":19},"end":{"line":8,"column":28}},"6":{"start":{"line":9,"column":4},"end":{"line":11,"column":5}},"7":{"start":{"line":10,"column":6},"end":{"line":10,"column":49}},"8":{"start":{"line":12,"column":4},"end":{"line":14,"column":5}},"9":{"start":{"line":13,"column":6},"end":{"line":13,"column":51}},"10":{"start":{"line":15,"column":4},"end":{"line":17,"column":5}},"11":{"start":{"line":16,"column":6},"end":{"line":16,"column":75}},"12":{"start":{"line":18,"column":4},"end":{"line":22,"column":5}},"13":{"start":{"line":19,"column":6},"end":{"line":21,"column":8}},"14":{"start":{"line":23,"column":4},"end":{"line":23,"column":46}}},"fnMap":{"0":{"name":"(anonymous_0)","decl":{"start":{"line":3,"column":16},"end":{"line":3,"column":17}},"loc":{"start":{"line":3,"column":32},"end":{"line":25,"column":1}},"line":3},"1":{"name":"(anonymous_1)","decl":{"start":{"line":6,"column":24},"end":{"line":6,"column":25}},"loc":{"start":{"line":6,"column":33},"end":{"line":24,"column":3}},"line":6}},"branchMap":{"0":{"loc":{"start":{"line":9,"column":4},"end":{"line":11,"column":5}},"type":"if","locations":[{"start":{"line":9,"column":4},"end":{"line":11,"column":5}},{"start":{},"end":{}}],"line":9},"1":{"loc":{"start":{"line":12,"column":4},"end":{"line":14,"column":5}},"type":"if","locations":[{"start":{"line":12,"column":4},"end":{"line":14,"column":5}},{"start":{},"end":{}}],"line":12},"2":{"loc":{"start":{"line":15,"column":4},"end":{"line":17,"column":5}},"type":"if","locations":[{"start":{"line":15,"column":4},"end":{"line":17,"column":5}},{"start":{},"end":{}}],"line":15},"3":{"loc":{"start":{"line":15,"column":8},"end":{"line":15,"column":58}},"type":"binary-expr","locations":[{"start":{"line":15,"column":8},"end":{"line":15,"column":31}},{"start":{"line":15,"column":35},"end":{"line":15,"column":58}}],"line":15},"4":{"loc":{"start":{"line":18,"column":4},"end":{"line":22,"column":5}},"type":"if","locations":[{"start":{"line":18,"column":4},"end":{"line":22,"column":5}},{"start":{},"end":{}}],"line":18}},"s":{"0":1,"1":15,"2":15,"3":15,"4":54,"5":54,"6":54,"7":15,"8":39,"9":6,"10":33,"11":12,"12":21,"13":12,"14":9},"f":{"0":15,"1":54},"b":{"0":[15,39],"1":[6,33],"2":[12,21],"3":[33,15],"4":[12,9]},"_coverageSchema":"1a1c01bbd47fc00a2c39e90264f33305004495a9","hash":"f81bec5b79bcbe0a933b41dfdab197fba7cfd433"}
,"/home/alisher/projects/frontend-project-lvl2/src/index.js": {"path":"/home/alisher/projects/frontend-project-lvl2/src/index.js","statementMap":{"0":{"start":{"line":7,"column":24},"end":{"line":20,"column":1}},"1":{"start":{"line":8,"column":25},"end":{"line":8,"column":48}},"2":{"start":{"line":9,"column":25},"end":{"line":9,"column":48}},"3":{"start":{"line":11,"column":26},"end":{"line":11,"column":51}},"4":{"start":{"line":12,"column":26},"end":{"line":12,"column":51}},"5":{"start":{"line":14,"column":15},"end":{"line":14,"column":72}},"6":{"start":{"line":15,"column":15},"end":{"line":15,"column":72}},"7":{"start":{"line":17,"column":15},"end":{"line":17,"column":34}},"8":{"start":{"line":18,"column":17},"end":{"line":18,"column":41}},"9":{"start":{"line":19,"column":2},"end":{"line":19,"column":22}}},"fnMap":{"0":{"name":"(anonymous_0)","decl":{"start":{"line":7,"column":24},"end":{"line":7,"column":25}},"loc":{"start":{"line":7,"column":66},"end":{"line":20,"column":1}},"line":7}},"branchMap":{"0":{"loc":{"start":{"line":7,"column":39},"end":{"line":7,"column":61}},"type":"default-arg","locations":[{"start":{"line":7,"column":52},"end":{"line":7,"column":61}}],"line":7}},"s":{"0":1,"1":3,"2":3,"3":3,"4":3,"5":3,"6":3,"7":3,"8":3,"9":3},"f":{"0":3},"b":{"0":[0]},"_coverageSchema":"1a1c01bbd47fc00a2c39e90264f33305004495a9","hash":"07b66b1a0e0cf146fc7b6f6218bf7f4763bd8756"}
,"/home/alisher/projects/frontend-project-lvl2/src/parsers.js": {"path":"/home/alisher/projects/frontend-project-lvl2/src/parsers.js","statementMap":{"0":{"start":{"line":4,"column":18},"end":{"line":18,"column":1}},"1":{"start":{"line":6,"column":17},"end":{"line":6,"column":41}},"2":{"start":{"line":8,"column":2},"end":{"line":16,"column":3}},"3":{"start":{"line":9,"column":4},"end":{"line":9,"column":23}},"4":{"start":{"line":10,"column":9},"end":{"line":16,"column":3}},"5":{"start":{"line":11,"column":4},"end":{"line":11,"column":22}},"6":{"start":{"line":12,"column":9},"end":{"line":16,"column":3}},"7":{"start":{"line":13,"column":4},"end":{"line":13,"column":22}},"8":{"start":{"line":14,"column":9},"end":{"line":16,"column":3}},"9":{"start":{"line":15,"column":4},"end":{"line":15,"column":23}},"10":{"start":{"line":17,"column":2},"end":{"line":17,"column":15}}},"fnMap":{"0":{"name":"(anonymous_0)","decl":{"start":{"line":4,"column":18},"end":{"line":4,"column":19}},"loc":{"start":{"line":4,"column":34},"end":{"line":18,"column":1}},"line":4}},"branchMap":{"0":{"loc":{"start":{"line":8,"column":2},"end":{"line":16,"column":3}},"type":"if","locations":[{"start":{"line":8,"column":2},"end":{"line":16,"column":3}},{"start":{"line":10,"column":9},"end":{"line":16,"column":3}}],"line":8},"1":{"loc":{"start":{"line":10,"column":9},"end":{"line":16,"column":3}},"type":"if","locations":[{"start":{"line":10,"column":9},"end":{"line":16,"column":3}},{"start":{"line":12,"column":9},"end":{"line":16,"column":3}}],"line":10},"2":{"loc":{"start":{"line":12,"column":9},"end":{"line":16,"column":3}},"type":"if","locations":[{"start":{"line":12,"column":9},"end":{"line":16,"column":3}},{"start":{"line":14,"column":9},"end":{"line":16,"column":3}}],"line":12},"3":{"loc":{"start":{"line":14,"column":9},"end":{"line":16,"column":3}},"type":"if","locations":[{"start":{"line":14,"column":9},"end":{"line":16,"column":3}},{"start":{},"end":{}}],"line":14}},"s":{"0":2,"1":9,"2":9,"3":0,"4":9,"5":2,"6":7,"7":2,"8":5,"9":5,"10":9},"f":{"0":9},"b":{"0":[0,9],"1":[2,7],"2":[2,5],"3":[5,0]},"_coverageSchema":"1a1c01bbd47fc00a2c39e90264f33305004495a9","hash":"d254cfacc3ef53253258afcd28082fe3d0b8bdb9"}
,"/home/alisher/projects/frontend-project-lvl2/src/utils.js": {"path":"/home/alisher/projects/frontend-project-lvl2/src/utils.js","statementMap":{"0":{"start":{"line":3,"column":25},"end":{"line":6,"column":1}},"1":{"start":{"line":4,"column":21},"end":{"line":4,"column":97}},"2":{"start":{"line":5,"column":2},"end":{"line":5,"column":20}}},"fnMap":{"0":{"name":"(anonymous_0)","decl":{"start":{"line":3,"column":25},"end":{"line":3,"column":26}},"loc":{"start":{"line":3,"column":39},"end":{"line":6,"column":1}},"line":3}},"branchMap":{"0":{"loc":{"start":{"line":4,"column":21},"end":{"line":4,"column":97}},"type":"cond-expr","locations":[{"start":{"line":4,"column":49},"end":{"line":4,"column":57}},{"start":{"line":4,"column":60},"end":{"line":4,"column":97}}],"line":4}},"s":{"0":1,"1":6,"2":6},"f":{"0":6},"b":{"0":[6,0]},"_coverageSchema":"1a1c01bbd47fc00a2c39e90264f33305004495a9","hash":"d4bb9dc36a0c4f5ac58f70709b3a80b6b6332a65"}
,"/home/alisher/projects/frontend-project-lvl2/src/formatters/index.js": {"path":"/home/alisher/projects/frontend-project-lvl2/src/formatters/index.js","statementMap":{"0":{"start":{"line":4,"column":21},"end":{"line":13,"column":1}},"1":{"start":{"line":5,"column":2},"end":{"line":12,"column":3}},"2":{"start":{"line":7,"column":6},"end":{"line":7,"column":19}},"3":{"start":{"line":9,"column":6},"end":{"line":9,"column":21}},"4":{"start":{"line":11,"column":6},"end":{"line":11,"column":63}}},"fnMap":{"0":{"name":"(anonymous_0)","decl":{"start":{"line":4,"column":21},"end":{"line":4,"column":22}},"loc":{"start":{"line":4,"column":37},"end":{"line":13,"column":1}},"line":4}},"branchMap":{"0":{"loc":{"start":{"line":5,"column":2},"end":{"line":12,"column":3}},"type":"switch","locations":[{"start":{"line":6,"column":4},"end":{"line":7,"column":19}},{"start":{"line":8,"column":4},"end":{"line":9,"column":21}},{"start":{"line":10,"column":4},"end":{"line":11,"column":63}}],"line":5}},"s":{"0":2,"1":5,"2":2,"3":3,"4":0},"f":{"0":5},"b":{"0":[2,3,0]},"_coverageSchema":"1a1c01bbd47fc00a2c39e90264f33305004495a9","hash":"a8df097c35ec9c169485d36ae8d5187a138ed836"}
,"/home/alisher/projects/frontend-project-lvl2/src/formatters/plain.js": {"path":"/home/alisher/projects/frontend-project-lvl2/src/formatters/plain.js","statementMap":{"0":{"start":{"line":1,"column":27},"end":{"line":12,"column":1}},"1":{"start":{"line":2,"column":2},"end":{"line":4,"column":3}},"2":{"start":{"line":3,"column":4},"end":{"line":3,"column":18}},"3":{"start":{"line":4,"column":4},"end":{"line":6,"column":3}},"4":{"start":{"line":5,"column":4},"end":{"line":5,"column":29}},"5":{"start":{"line":6,"column":4},"end":{"line":8,"column":3}},"6":{"start":{"line":7,"column":4},"end":{"line":7,"column":19}},"7":{"start":{"line":8,"column":4},"end":{"line":10,"column":3}},"8":{"start":{"line":9,"column":4},"end":{"line":9,"column":17}},"9":{"start":{"line":11,"column":2},"end":{"line":11,"column":22}},"10":{"start":{"line":14,"column":14},"end":{"line":45,"column":1}},"11":{"start":{"line":15,"column":20},"end":{"line":41,"column":3}},"12":{"start":{"line":16,"column":18},"end":{"line":36,"column":8}},"13":{"start":{"line":17,"column":28},"end":{"line":17,"column":43}},"14":{"start":{"line":21,"column":12},"end":{"line":21,"column":16}},"15":{"start":{"line":22,"column":24},"end":{"line":22,"column":41}},"16":{"start":{"line":23,"column":31},"end":{"line":23,"column":48}},"17":{"start":{"line":24,"column":8},"end":{"line":35,"column":9}},"18":{"start":{"line":26,"column":12},"end":{"line":26,"column":48}},"19":{"start":{"line":28,"column":12},"end":{"line":28,"column":99}},"20":{"start":{"line":30,"column":12},"end":{"line":30,"column":62}},"21":{"start":{"line":32,"column":12},"end":{"line":32,"column":127}},"22":{"start":{"line":34,"column":12},"end":{"line":34,"column":56}},"23":{"start":{"line":38,"column":4},"end":{"line":40,"column":17}},"24":{"start":{"line":43,"column":17},"end":{"line":43,"column":37}},"25":{"start":{"line":44,"column":2},"end":{"line":44,"column":16}}},"fnMap":{"0":{"name":"(anonymous_0)","decl":{"start":{"line":1,"column":27},"end":{"line":1,"column":28}},"loc":{"start":{"line":1,"column":38},"end":{"line":12,"column":1}},"line":1},"1":{"name":"(anonymous_1)","decl":{"start":{"line":14,"column":14},"end":{"line":14,"column":15}},"loc":{"start":{"line":14,"column":25},"end":{"line":45,"column":1}},"line":14},"2":{"name":"(anonymous_2)","decl":{"start":{"line":15,"column":20},"end":{"line":15,"column":21}},"loc":{"start":{"line":15,"column":47},"end":{"line":41,"column":3}},"line":15},"3":{"name":"(anonymous_3)","decl":{"start":{"line":17,"column":14},"end":{"line":17,"column":15}},"loc":{"start":{"line":17,"column":28},"end":{"line":17,"column":43}},"line":17},"4":{"name":"(anonymous_4)","decl":{"start":{"line":18,"column":15},"end":{"line":18,"column":16}},"loc":{"start":{"line":18,"column":25},"end":{"line":36,"column":7}},"line":18}},"branchMap":{"0":{"loc":{"start":{"line":2,"column":2},"end":{"line":4,"column":3}},"type":"if","locations":[{"start":{"line":2,"column":2},"end":{"line":4,"column":3}},{"start":{},"end":{}}],"line":2},"1":{"loc":{"start":{"line":4,"column":4},"end":{"line":6,"column":3}},"type":"if","locations":[{"start":{"line":4,"column":4},"end":{"line":6,"column":3}},{"start":{},"end":{}}],"line":4},"2":{"loc":{"start":{"line":6,"column":4},"end":{"line":8,"column":3}},"type":"if","locations":[{"start":{"line":6,"column":4},"end":{"line":8,"column":3}},{"start":{},"end":{}}],"line":6},"3":{"loc":{"start":{"line":8,"column":4},"end":{"line":10,"column":3}},"type":"if","locations":[{"start":{"line":8,"column":4},"end":{"line":10,"column":3}},{"start":{},"end":{}}],"line":8},"4":{"loc":{"start":{"line":24,"column":8},"end":{"line":35,"column":9}},"type":"switch","locations":[{"start":{"line":25,"column":10},"end":{"line":26,"column":48}},{"start":{"line":27,"column":10},"end":{"line":28,"column":99}},{"start":{"line":29,"column":10},"end":{"line":30,"column":62}},{"start":{"line":31,"column":10},"end":{"line":32,"column":127}},{"start":{"line":33,"column":10},"end":{"line":34,"column":56}}],"line":24}},"s":{"0":2,"1":18,"2":2,"3":16,"4":4,"5":12,"6":2,"7":10,"8":3,"9":7,"10":2,"11":1,"12":5,"13":18,"14":15,"15":15,"16":15,"17":15,"18":4,"19":5,"20":2,"21":4,"22":0,"23":5,"24":1,"25":1},"f":{"0":18,"1":1,"2":5,"3":18,"4":15},"b":{"0":[2,16],"1":[4,12],"2":[2,10],"3":[3,7],"4":[4,5,2,4,0]},"_coverageSchema":"1a1c01bbd47fc00a2c39e90264f33305004495a9","hash":"0b1e2ae5801b9599ffa140119d94a3d0d757e014"}
,"/home/alisher/projects/frontend-project-lvl2/src/formatters/stylish.js": {"path":"/home/alisher/projects/frontend-project-lvl2/src/formatters/stylish.js","statementMap":{"0":{"start":{"line":1,"column":19},"end":{"line":22,"column":1}},"1":{"start":{"line":2,"column":2},"end":{"line":4,"column":3}},"2":{"start":{"line":3,"column":4},"end":{"line":3,"column":27}},"3":{"start":{"line":5,"column":2},"end":{"line":7,"column":3}},"4":{"start":{"line":6,"column":4},"end":{"line":6,"column":18}},"5":{"start":{"line":8,"column":19},"end":{"line":8,"column":22}},"6":{"start":{"line":9,"column":22},"end":{"line":9,"column":23}},"7":{"start":{"line":10,"column":21},"end":{"line":10,"column":40}},"8":{"start":{"line":11,"column":24},"end":{"line":11,"column":51}},"9":{"start":{"line":12,"column":24},"end":{"line":12,"column":65}},"10":{"start":{"line":13,"column":16},"end":{"line":15,"column":81}},"11":{"start":{"line":15,"column":25},"end":{"line":15,"column":80}},"12":{"start":{"line":17,"column":2},"end":{"line":21,"column":15}},"13":{"start":{"line":24,"column":16},"end":{"line":64,"column":1}},"14":{"start":{"line":25,"column":19},"end":{"line":25,"column":22}},"15":{"start":{"line":26,"column":22},"end":{"line":26,"column":23}},"16":{"start":{"line":28,"column":15},"end":{"line":60,"column":3}},"17":{"start":{"line":29,"column":23},"end":{"line":29,"column":42}},"18":{"start":{"line":30,"column":26},"end":{"line":30,"column":53}},"19":{"start":{"line":31,"column":27},"end":{"line":31,"column":65}},"20":{"start":{"line":32,"column":28},"end":{"line":32,"column":66}},"21":{"start":{"line":33,"column":26},"end":{"line":33,"column":67}},"22":{"start":{"line":35,"column":18},"end":{"line":53,"column":6}},"23":{"start":{"line":38,"column":10},"end":{"line":38,"column":14}},"24":{"start":{"line":39,"column":6},"end":{"line":52,"column":7}},"25":{"start":{"line":41,"column":10},"end":{"line":41,"column":72}},"26":{"start":{"line":43,"column":10},"end":{"line":43,"column":74}},"27":{"start":{"line":45,"column":10},"end":{"line":45,"column":76}},"28":{"start":{"line":47,"column":10},"end":{"line":47,"column":74}},"29":{"start":{"line":49,"column":10},"end":{"line":49,"column":133}},"30":{"start":{"line":51,"column":10},"end":{"line":51,"column":54}},"31":{"start":{"line":55,"column":4},"end":{"line":59,"column":17}},"32":{"start":{"line":62,"column":17},"end":{"line":62,"column":31}},"33":{"start":{"line":63,"column":2},"end":{"line":63,"column":16}}},"fnMap":{"0":{"name":"(anonymous_0)","decl":{"start":{"line":1,"column":19},"end":{"line":1,"column":20}},"loc":{"start":{"line":1,"column":40},"end":{"line":22,"column":1}},"line":1},"1":{"name":"(anonymous_1)","decl":{"start":{"line":15,"column":9},"end":{"line":15,"column":10}},"loc":{"start":{"line":15,"column":25},"end":{"line":15,"column":80}},"line":15},"2":{"name":"(anonymous_2)","decl":{"start":{"line":24,"column":16},"end":{"line":24,"column":17}},"loc":{"start":{"line":24,"column":27},"end":{"line":64,"column":1}},"line":24},"3":{"name":"(anonymous_3)","decl":{"start":{"line":28,"column":15},"end":{"line":28,"column":16}},"loc":{"start":{"line":28,"column":40},"end":{"line":60,"column":3}},"line":28},"4":{"name":"(anonymous_4)","decl":{"start":{"line":35,"column":35},"end":{"line":35,"column":36}},"loc":{"start":{"line":35,"column":45},"end":{"line":53,"column":5}},"line":35}},"branchMap":{"0":{"loc":{"start":{"line":1,"column":26},"end":{"line":1,"column":35}},"type":"default-arg","locations":[{"start":{"line":1,"column":34},"end":{"line":1,"column":35}}],"line":1},"1":{"loc":{"start":{"line":2,"column":2},"end":{"line":4,"column":3}},"type":"if","locations":[{"start":{"line":2,"column":2},"end":{"line":4,"column":3}},{"start":{},"end":{}}],"line":2},"2":{"loc":{"start":{"line":5,"column":2},"end":{"line":7,"column":3}},"type":"if","locations":[{"start":{"line":5,"column":2},"end":{"line":7,"column":3}},{"start":{},"end":{}}],"line":5},"3":{"loc":{"start":{"line":39,"column":6},"end":{"line":52,"column":7}},"type":"switch","locations":[{"start":{"line":40,"column":8},"end":{"line":41,"column":72}},{"start":{"line":42,"column":8},"end":{"line":43,"column":74}},{"start":{"line":44,"column":8},"end":{"line":45,"column":76}},{"start":{"line":46,"column":8},"end":{"line":47,"column":74}},{"start":{"line":48,"column":8},"end":{"line":49,"column":133}},{"start":{"line":50,"column":8},"end":{"line":51,"column":54}}],"line":39}},"s":{"0":2,"1":54,"2":38,"3":16,"4":2,"5":14,"6":14,"7":14,"8":14,"9":14,"10":14,"11":18,"12":14,"13":2,"14":2,"15":2,"16":2,"17":10,"18":10,"19":10,"20":10,"21":10,"22":10,"23":36,"24":36,"25":8,"26":10,"27":4,"28":6,"29":8,"30":0,"31":10,"32":2,"33":2},"f":{"0":54,"1":18,"2":2,"3":10,"4":36},"b":{"0":[0],"1":[38,16],"2":[2,14],"3":[8,10,4,6,8,0]},"_coverageSchema":"1a1c01bbd47fc00a2c39e90264f33305004495a9","hash":"0f8c0cb59616a41ad370ce27e995c5f0602cdc28"}
}
