TN:
SF:src/getDiff.js
FN:3,(anonymous_0)
FN:6,(anonymous_1)
FNF:2
FNH:2
FNDA:15,(anonymous_0)
FNDA:54,(anonymous_1)
DA:3,1
DA:4,15
DA:5,15
DA:6,15
DA:7,54
DA:8,54
DA:9,54
DA:10,15
DA:12,39
DA:13,6
DA:15,33
DA:16,12
DA:18,21
DA:19,12
DA:23,9
LF:15
LH:15
BRDA:9,0,0,15
BRDA:9,0,1,39
BRDA:12,1,0,6
BRDA:12,1,1,33
BRDA:15,2,0,12
BRDA:15,2,1,21
BRDA:15,3,0,33
BRDA:15,3,1,15
BRDA:18,4,0,12
BRDA:18,4,1,9
BRF:10
BRH:10
end_of_record
TN:
SF:src/index.js
FN:7,(anonymous_0)
FNF:1
FNH:1
FNDA:3,(anonymous_0)
DA:7,1
DA:8,3
DA:9,3
DA:11,3
DA:12,3
DA:14,3
DA:15,3
DA:17,3
DA:18,3
DA:19,3
LF:10
LH:10
BRDA:7,0,0,0
BRF:1
BRH:0
end_of_record
TN:
SF:src/parsers.js
FN:4,(anonymous_0)
FNF:1
FNH:1
FNDA:9,(anonymous_0)
DA:4,2
DA:6,9
DA:8,9
DA:9,0
DA:10,9
DA:11,2
DA:12,7
DA:13,2
DA:14,5
DA:15,5
DA:17,9
LF:11
LH:10
BRDA:8,0,0,0
BRDA:8,0,1,9
BRDA:10,1,0,2
BRDA:10,1,1,7
BRDA:12,2,0,2
BRDA:12,2,1,5
BRDA:14,3,0,5
BRDA:14,3,1,0
BRF:8
BRH:6
end_of_record
TN:
SF:src/utils.js
FN:3,(anonymous_0)
FNF:1
FNH:1
FNDA:6,(anonymous_0)
DA:3,1
DA:4,6
DA:5,6
LF:3
LH:3
BRDA:4,0,0,6
BRDA:4,0,1,0
BRF:2
BRH:1
end_of_record
TN:
SF:src/formatters/index.js
FN:4,(anonymous_0)
FNF:1
FNH:1
FNDA:5,(anonymous_0)
DA:4,2
DA:5,5
DA:7,2
DA:9,3
DA:11,0
LF:5
LH:4
BRDA:5,0,0,2
BRDA:5,0,1,3
BRDA:5,0,2,0
BRF:3
BRH:2
end_of_record
TN:
SF:src/formatters/plain.js
FN:1,(anonymous_0)
FN:14,(anonymous_1)
FN:15,(anonymous_2)
FN:17,(anonymous_3)
FN:18,(anonymous_4)
FNF:5
FNH:5
FNDA:18,(anonymous_0)
FNDA:1,(anonymous_1)
FNDA:5,(anonymous_2)
FNDA:18,(anonymous_3)
FNDA:15,(anonymous_4)
DA:1,2
DA:2,18
DA:3,2
DA:4,16
DA:5,4
DA:6,12
DA:7,2
DA:8,10
DA:9,3
DA:11,7
DA:14,2
DA:15,1
DA:16,5
DA:17,18
DA:21,15
DA:22,15
DA:23,15
DA:24,15
DA:26,4
DA:28,5
DA:30,2
DA:32,4
DA:34,0
DA:38,5
DA:43,1
DA:44,1
LF:26
LH:25
BRDA:2,0,0,2
BRDA:2,0,1,16
BRDA:4,1,0,4
BRDA:4,1,1,12
BRDA:6,2,0,2
BRDA:6,2,1,10
BRDA:8,3,0,3
BRDA:8,3,1,7
BRDA:24,4,0,4
BRDA:24,4,1,5
BRDA:24,4,2,2
BRDA:24,4,3,4
BRDA:24,4,4,0
BRF:13
BRH:12
end_of_record
TN:
SF:src/formatters/stylish.js
FN:1,(anonymous_0)
FN:15,(anonymous_1)
FN:24,(anonymous_2)
FN:28,(anonymous_3)
FN:35,(anonymous_4)
FNF:5
FNH:5
FNDA:54,(anonymous_0)
FNDA:18,(anonymous_1)
FNDA:2,(anonymous_2)
FNDA:10,(anonymous_3)
FNDA:36,(anonymous_4)
DA:1,2
DA:2,54
DA:3,38
DA:5,16
DA:6,2
DA:8,14
DA:9,14
DA:10,14
DA:11,14
DA:12,14
DA:13,14
DA:15,18
DA:17,14
DA:24,2
DA:25,2
DA:26,2
DA:28,2
DA:29,10
DA:30,10
DA:31,10
DA:32,10
DA:33,10
DA:35,10
DA:38,36
DA:39,36
DA:41,8
DA:43,10
DA:45,4
DA:47,6
DA:49,8
DA:51,0
DA:55,10
DA:62,2
DA:63,2
LF:34
LH:33
BRDA:1,0,0,0
BRDA:2,1,0,38
BRDA:2,1,1,16
BRDA:5,2,0,2
BRDA:5,2,1,14
BRDA:39,3,0,8
BRDA:39,3,1,10
BRDA:39,3,2,4
BRDA:39,3,3,6
BRDA:39,3,4,8
BRDA:39,3,5,0
BRF:11
BRH:9
end_of_record
