TN:
SF:__fixtures__/trullyAsnwer.js
FNF:0
FNH:0
DA:1,2
LF:1
LH:1
BRF:0
BRH:0
end_of_record
TN:
SF:src/parsers.js
FN:4,(anonymous_0)
FNF:1
FNH:1
FNDA:5,(anonymous_0)
DA:4,2
DA:6,5
DA:8,5
DA:9,0
DA:10,5
DA:11,1
DA:12,4
DA:13,1
DA:14,3
DA:15,3
DA:17,5
LF:11
LH:10
BRDA:8,0,0,0
BRDA:8,0,1,5
BRDA:10,1,0,1
BRDA:10,1,1,4
BRDA:12,2,0,1
BRDA:12,2,1,3
BRDA:14,3,0,3
BRDA:14,3,1,0
BRF:8
BRH:6
end_of_record
TN:
SF:src/utils.js
FN:4,(anonymous_0)
FN:9,(anonymous_1)
FN:12,(anonymous_2)
FNF:3
FNH:2
FNDA:0,(anonymous_0)
FNDA:15,(anonymous_1)
FNDA:54,(anonymous_2)
DA:4,2
DA:5,0
DA:6,0
DA:9,2
DA:10,15
DA:11,15
DA:12,15
DA:13,54
DA:14,54
DA:15,54
DA:16,15
DA:18,39
DA:19,6
DA:21,33
DA:22,12
DA:24,21
DA:25,12
DA:29,9
LF:18
LH:16
BRDA:5,0,0,0
BRDA:5,0,1,0
BRDA:15,1,0,15
BRDA:15,1,1,39
BRDA:18,2,0,6
BRDA:18,2,1,33
BRDA:21,3,0,12
BRDA:21,3,1,21
BRDA:21,4,0,33
BRDA:21,4,1,15
BRDA:24,5,0,12
BRDA:24,5,1,9
BRF:12
BRH:10
end_of_record
